30.10.2024, 22:10:27 - ERROR - toy not found with ID: download | cannot find toydownload
30.10.2024, 22:20:35 - ERROR - toy not found with ID: download | cannot find toydownload
30.10.2024, 22:49:32 - ERROR - toy not found with ID: save | cannot find toysave
4.11.2024, 17:48:42 - ERROR - toy not found with ID: save | cannot find toysave
4.11.2024, 17:55:38 - ERROR - toy not found with ID: save | cannot find toysave
4.11.2024, 17:56:40 - ERROR - toy not found with ID: save | cannot find toysave
4.11.2024, 18:00:30 - ERROR - toy not found with ID: save | cannot find toysave
4.11.2024, 18:03:09 - ERROR - toy not found with ID: save | cannot find toysave
22.12.2024, 1:01:18 - INFO - Server listening on port http://127.0.0.1:3030/ 
22.12.2024, 1:01:35 - INFO - Server listening on port http://127.0.0.1:3030/ 
22.12.2024, 1:02:00 - INFO - Server listening on port http://127.0.0.1:3030/ 
22.12.2024, 15:36:43 - INFO - Server listening on port http://127.0.0.1:3030/ 
22.12.2024, 15:38:02 - DEBUG - auth.service - login with username: Andrey 
22.12.2024, 15:38:02 - ERROR - Failed to Login Error: Invalid username or password 
22.12.2024, 15:38:07 - DEBUG - auth.service - login with username: Andrey 
22.12.2024, 15:38:07 - ERROR - Failed to Login Error: Invalid username or password 
22.12.2024, 15:38:35 - DEBUG - auth.service - signup with username: Andrey, fullname: Andrey Chetvergov 
22.12.2024, 15:38:35 - ERROR - cannot insert user | Error: Username taken 
22.12.2024, 15:38:35 - ERROR - Failed to signup Error: Username taken 
22.12.2024, 15:45:50 - DEBUG - auth.service - signup with username: Andrey, fullname: Andrey Chetvergov 
22.12.2024, 15:45:50 - ERROR - cannot insert user | Error: Username taken 
22.12.2024, 15:45:50 - ERROR - Failed to signup Error: Username taken 
22.12.2024, 15:49:13 - DEBUG - auth.service - login with username: Andrey 
22.12.2024, 15:49:13 - ERROR - Failed to Login Error: Invalid username or password 
22.12.2024, 15:49:34 - DEBUG - auth.service - login with username: puki 
22.12.2024, 15:49:34 - ERROR - Failed to Login Error: Invalid username or password 
22.12.2024, 15:50:02 - DEBUG - auth.service - signup with username: Andrey, fullname: Andrey Chetvergov 
22.12.2024, 15:50:02 - ERROR - cannot insert user | Error: Username taken 
22.12.2024, 15:50:02 - ERROR - Failed to signup Error: Username taken 
22.12.2024, 15:50:24 - DEBUG - auth.service - signup with username: Andrey, fullname: Andrey Chetvergov 
22.12.2024, 15:50:24 - ERROR - cannot insert user | Error: Username taken 
22.12.2024, 15:50:24 - ERROR - Failed to signup Error: Username taken 
22.12.2024, 15:54:34 - INFO - Server listening on port http://127.0.0.1:3030/ 
22.12.2024, 15:55:12 - DEBUG - auth.service - signup with username: Andrey, fullname: Andrey Chetvergov 
22.12.2024, 15:55:12 - ERROR - cannot insert user | Error: Username taken 
22.12.2024, 15:55:12 - ERROR - Failed to signup Error: Username taken 
22.12.2024, 15:57:17 - INFO - Server listening on port http://127.0.0.1:3030/ 
22.12.2024, 15:58:29 - DEBUG - auth.service - signup with username: Andrey, fullname: Andrey Chetvergov 
22.12.2024, 15:58:30 - ERROR - cannot insert user | Error: Username taken 
22.12.2024, 15:58:30 - ERROR - Failed to signup Error: Username taken 
22.12.2024, 15:58:41 - DEBUG - auth.service - login with username: Andrey 
22.12.2024, 15:58:41 - ERROR - Failed to Login Error: Invalid username or password 
22.12.2024, 16:04:07 - DEBUG - auth.service - signup with username: Andrey, fullname: Andrey Chetvergov 
22.12.2024, 16:04:07 - ERROR - cannot insert user | Error: Username taken 
22.12.2024, 16:04:07 - ERROR - Failed to signup Error: Username taken 
22.12.2024, 16:05:31 - DEBUG - auth.service - signup with username: Andrey, fullname: Andrey Chetvergov 
22.12.2024, 16:05:31 - ERROR - cannot insert user | Error: Username taken 
22.12.2024, 16:05:31 - ERROR - Failed to signup Error: Username taken 
22.12.2024, 16:11:28 - DEBUG - auth.service - login with username: Andrey 
22.12.2024, 16:11:28 - ERROR - Failed to Login Error: Invalid username or password 
22.12.2024, 16:11:44 - DEBUG - auth.service - signup with username: Andrey, fullname: Andrey Chetvergov 
22.12.2024, 16:11:44 - ERROR - cannot insert user | Error: Username taken 
22.12.2024, 16:11:44 - ERROR - Failed to signup Error: Username taken 
22.12.2024, 16:22:54 - DEBUG - auth.service - signup with username: Andrey, fullname: Andrey Chetvergov 
22.12.2024, 16:22:54 - ERROR - cannot insert user | Error: Username taken 
22.12.2024, 16:22:54 - ERROR - Failed to signup Error: Username taken 
22.12.2024, 16:30:17 - DEBUG - auth.service - signup with username: Andrey, fullname: Andrey Chetvergov 
22.12.2024, 16:30:17 - ERROR - cannot insert user | Error: Username taken 
22.12.2024, 16:30:17 - ERROR - Failed to signup Error: Username taken 
22.12.2024, 16:32:02 - DEBUG - auth.service - signup with username: Andrey, fullname: Andrey Chetvergov 
22.12.2024, 16:32:02 - ERROR - cannot insert user | Error: Username taken 
22.12.2024, 16:32:02 - ERROR - Failed to signup Error: Username taken 
22.12.2024, 16:48:25 - DEBUG - auth.service - signup with username: Andrey, fullname: Andrey Chetvergov 
22.12.2024, 16:48:25 - ERROR - cannot insert user | Error: Username taken 
22.12.2024, 16:48:25 - ERROR - Failed to signup Error: Username taken 
22.12.2024, 16:50:05 - DEBUG - auth.service - signup with username: Andrey, fullname: Andrey Chetvergov 
22.12.2024, 16:50:05 - ERROR - cannot insert user | Error: Username taken 
22.12.2024, 16:50:05 - ERROR - Failed to signup Error: Username taken 
22.12.2024, 16:53:55 - DEBUG - auth.service - login with username: Andrey 
22.12.2024, 16:53:55 - ERROR - Failed to Login Error: Invalid username or password 
22.12.2024, 16:58:42 - DEBUG - auth.service - login with username: Andrey 
22.12.2024, 16:58:42 - ERROR - Failed to Login Error: Invalid username or password 
22.12.2024, 17:06:24 - DEBUG - auth.service - login with username: Andrey 
22.12.2024, 17:06:24 - ERROR - Failed to Login Error: Invalid username or password 
22.12.2024, 18:35:51 - DEBUG - auth.service - signup with username: Andrey, fullname: Andrey Chetvergov 
22.12.2024, 18:35:51 - ERROR - cannot insert user | Error: Username taken 
22.12.2024, 18:35:51 - ERROR - Failed to signup Error: Username taken 
22.12.2024, 19:11:36 - DEBUG - auth.service - signup with username: Andrey, fullname: Andrey Chetvergov 
22.12.2024, 19:11:36 - ERROR - cannot insert user | Error: Username taken 
22.12.2024, 19:11:36 - ERROR - Failed to signup Error: Username taken 
23.12.2024, 20:36:56 - DEBUG - auth.service - signup with username: Andrey, fullname: Andrey Chetvergov 
23.12.2024, 20:36:56 - ERROR - cannot insert user | Error: Username taken 
23.12.2024, 20:36:56 - ERROR - Failed to signup Error: Username taken 
25.12.2024, 16:11:06 - INFO - Server listening on port http://127.0.0.1:3030/ 
25.12.2024, 16:12:02 - DEBUG - auth.service - login with username: Andrey 
25.12.2024, 16:12:02 - ERROR - Failed to Login Error: Invalid username or password 
25.12.2024, 16:12:13 - DEBUG - auth.service - signup with username: Andrey, fullname: Andrey Chetvergov 
25.12.2024, 16:12:13 - ERROR - cannot insert user | Error: Username taken 
25.12.2024, 16:12:13 - ERROR - Failed to signup Error: Username taken 
25.12.2024, 17:40:23 - DEBUG - auth.service - login with username: Andrey 
25.12.2024, 17:40:23 - ERROR - Failed to Login Error: Invalid username or password 
25.12.2024, 19:21:22 - INFO - Server listening on port http://127.0.0.1:3030/ 
25.12.2024, 19:22:59 - DEBUG - auth.service - login with username: Andrey 
25.12.2024, 19:22:59 - ERROR - Failed to Login Error: Invalid username or password 
25.12.2024, 19:23:13 - DEBUG - auth.service - signup with username: Andrey, fullname: Andrey Chetvergov 
25.12.2024, 19:23:13 - ERROR - cannot insert user | Error: Username taken 
25.12.2024, 19:23:13 - ERROR - Failed to signup Error: Username taken 
25.12.2024, 19:42:00 - DEBUG - auth.service - login with username: Andrey 
25.12.2024, 19:42:00 - ERROR - Failed to Login Error: Invalid username or password 
25.12.2024, 19:46:47 - INFO - Server listening on port http://127.0.0.1:3030/ 
25.12.2024, 19:48:05 - DEBUG - auth.service - login with username: Andrey 
25.12.2024, 19:48:05 - ERROR - Failed to Login Error: Invalid username or password 
25.12.2024, 19:48:17 - DEBUG - auth.service - signup with username: Andrey, fullname: Andrey Chetvergov 
25.12.2024, 19:48:17 - ERROR - cannot insert user | Error: Username taken 
25.12.2024, 19:48:17 - ERROR - Failed to signup Error: Username taken 
25.12.2024, 19:54:27 - DEBUG - auth.service - login with username: Andrey 
25.12.2024, 19:54:27 - ERROR - Failed to Login Error: Invalid username or password 
25.12.2024, 19:54:36 - DEBUG - auth.service - login with username: Andrey 
25.12.2024, 19:54:36 - ERROR - Failed to Login Error: Invalid username or password 
25.12.2024, 19:56:26 - DEBUG - auth.service - login with username: Andrey 
25.12.2024, 19:56:26 - ERROR - Failed to Login Error: Invalid username or password 
26.12.2024, 12:44:45 - INFO - Server listening on port http://127.0.0.1:3030/ 
26.12.2024, 12:45:58 - DEBUG - auth.service - login with username: Andrey 
26.12.2024, 12:45:58 - ERROR - Failed to Login Error: Invalid username or password 
26.12.2024, 18:46:02 - DEBUG - auth.service - login with username: Andrey 
26.12.2024, 18:46:02 - ERROR - Failed to Login Error: Invalid username or password 
26.12.2024, 18:48:23 - DEBUG - auth.service - login with username: Andrey 
26.12.2024, 18:48:23 - ERROR - Failed to Login Error: Invalid username or password 
26.12.2024, 18:50:41 - INFO - Server listening on port http://127.0.0.1:3030/ 
26.12.2024, 18:51:02 - DEBUG - auth.service - login with username: Andrey 
26.12.2024, 18:51:02 - ERROR - Failed to Login Error: Invalid password 
26.12.2024, 18:52:59 - DEBUG - auth.service - signup with username: Andrey, fullname: Andrey Chetvergov 
26.12.2024, 18:52:59 - ERROR - cannot insert user | Error: Username taken 
26.12.2024, 18:52:59 - ERROR - Failed to signup Error: Username taken 
26.12.2024, 18:53:45 - DEBUG - auth.service - signup with username: Andrey1, fullname: Andrey Chetvergov 
26.12.2024, 18:53:45 - DEBUG - auth.route - new account created: {"username":"Andrey1","password":"$2b$10$Fi/2cbxN7WHY11Hng8DfIOCGVfRkn4DbYkhL6Th0o7KW3q4AqhIIO","fullname":"Andrey Chetvergov","score":0,"_id":"676d8a199f52a738f18be8fe"} 
26.12.2024, 18:53:45 - DEBUG - auth.service - login with username: Andrey1 
26.12.2024, 18:54:19 - DEBUG - auth.service - login with username: Andrey1 
26.12.2024, 18:54:19 - INFO - User login:  | {"_id":"676d8a199f52a738f18be8fe","username":"Andrey1","fullname":"Andrey Chetvergov","score":0} 
26.12.2024, 18:55:24 - DEBUG - auth.service - login with username: Andrey 
26.12.2024, 18:55:24 - INFO - User login:  | {"_id":"9gaJ2U","username":"Andrey","fullname":"Andrey","isAdmin":true} 
26.12.2024, 19:01:20 - INFO - Server listening on port http://127.0.0.1:3030/ 
26.12.2024, 19:05:38 - INFO - Server listening on port http://127.0.0.1:3030/ 
26.12.2024, 19:06:56 - INFO - Server listening on port http://127.0.0.1:3030/ 
27.12.2024, 12:06:52 - INFO - Server listening on port http://127.0.0.1:3030/ 
27.12.2024, 12:07:58 - DEBUG - auth.service - login with username: Andrey 
27.12.2024, 12:07:58 - ERROR - Failed to Login Error: Invalid password 
27.12.2024, 12:08:22 - DEBUG - auth.service - login with username: Andrey1 
27.12.2024, 12:08:22 - ERROR - Failed to Login Error: Invalid password 
27.12.2024, 12:08:26 - DEBUG - auth.service - login with username: Andrey1 
27.12.2024, 12:08:26 - INFO - User login:  | {"_id":"676d8a199f52a738f18be8fe","username":"Andrey1","fullname":"Andrey Chetvergov","score":0} 
27.12.2024, 12:09:59 - INFO - Server listening on port http://127.0.0.1:3030/ 
27.12.2024, 12:11:06 - INFO - Server listening on port http://127.0.0.1:3030/ 
27.12.2024, 12:11:14 - INFO - Server listening on port http://127.0.0.1:3030/ 
27.12.2024, 12:11:43 - INFO - Server listening on port http://127.0.0.1:3030/ 
27.12.2024, 12:11:47 - INFO - Server listening on port http://127.0.0.1:3030/ 
27.12.2024, 12:12:32 - INFO - Server listening on port http://127.0.0.1:3030/ 
27.12.2024, 12:48:49 - INFO - Server listening on port http://127.0.0.1:3030/ 
27.12.2024, 12:56:23 - DEBUG - auth.service - login with username: Andrey1 
27.12.2024, 12:56:23 - INFO - User login:  | {"_id":"676d8a199f52a738f18be8fe","username":"Andrey1","fullname":"Andrey Chetvergov","score":0} 
27.12.2024, 13:34:39 - INFO - Server listening on port http://127.0.0.1:3030/ 
27.12.2024, 13:34:51 - INFO - Server listening on port http://127.0.0.1:3030/ 
27.12.2024, 13:35:01 - INFO - Server listening on port http://127.0.0.1:3030/ 
27.12.2024, 13:35:36 - INFO - Server listening on port http://127.0.0.1:3030/ 
27.12.2024, 13:39:18 - INFO - Server listening on port http://127.0.0.1:3030/ 
27.12.2024, 13:40:45 - INFO - Server listening on port http://127.0.0.1:3030/ 
27.12.2024, 13:42:19 - INFO - Server listening on port http://127.0.0.1:3030/ 
27.12.2024, 13:45:17 - INFO - Server listening on port http://127.0.0.1:3030/ 
27.12.2024, 13:46:23 - DEBUG - auth.service - login with username: Andrey32 
27.12.2024, 13:46:23 - ERROR - Failed to Login Error: Invalid username 
27.12.2024, 13:46:49 - DEBUG - auth.service - login with username: Andrey30 
27.12.2024, 13:46:49 - ERROR - Failed to Login Error: Invalid username 
27.12.2024, 13:47:00 - DEBUG - auth.service - login with username: Andrey32 
27.12.2024, 13:47:00 - ERROR - Failed to Login Error: Invalid username 
30.12.2024, 19:46:46 - INFO - Server listening on port http://127.0.0.1:3030/ 
30.12.2024, 19:48:59 - DEBUG - auth.service - login with username: Andrey1 
30.12.2024, 19:49:00 - INFO - User login:  | {"_id":"676d8a199f52a738f18be8fe","username":"Andrey1","fullname":"Andrey Chetvergov","score":0} 
30.12.2024, 19:49:42 - DEBUG - auth.service - login with username: Andrey1 
30.12.2024, 19:49:42 - INFO - User login:  | {"_id":"676d8a199f52a738f18be8fe","username":"Andrey1","fullname":"Andrey Chetvergov","score":0} 
30.12.2024, 20:05:19 - INFO - Server listening on port http://127.0.0.1:3030/ 
30.12.2024, 20:06:05 - INFO - Server listening on port http://127.0.0.1:3030/ 
30.12.2024, 20:06:54 - INFO - Server listening on port http://127.0.0.1:3030/ 
30.12.2024, 20:07:38 - DEBUG - auth.service - login with username: Andrey1 
30.12.2024, 20:07:39 - INFO - User login:  | {"_id":"676d8a199f52a738f18be8fe","username":"Andrey1","fullname":"Andrey Chetvergov","score":0} 
30.12.2024, 20:07:41 - INFO - Req was made | / 
30.12.2024, 20:07:53 - INFO - Req was made | / 
30.12.2024, 20:14:24 - INFO - Server listening on port http://127.0.0.1:3030/ 
30.12.2024, 20:15:06 - DEBUG - auth.service - login with username: Andrey1 
30.12.2024, 20:15:06 - INFO - User login:  | {"_id":"676d8a199f52a738f18be8fe","username":"Andrey1","fullname":"Andrey Chetvergov","score":0} 
30.12.2024, 20:15:08 - INFO - Req was made | / 
30.12.2024, 20:15:13 - INFO - Req was made | / 
30.12.2024, 20:26:32 - INFO - Req was made | / 
30.12.2024, 20:28:28 - INFO - Server listening on port http://127.0.0.1:3030/ 
30.12.2024, 20:29:00 - INFO - Req was made | / 
30.12.2024, 20:29:10 - INFO - Server listening on port http://127.0.0.1:3030/ 
30.12.2024, 20:29:14 - INFO - Req was made | / 
30.12.2024, 20:31:37 - INFO - Req was made | / 
30.12.2024, 20:31:56 - INFO - Req was made | / 
30.12.2024, 20:32:09 - INFO - Req was made | / 
30.12.2024, 20:33:00 - DEBUG - auth.service - login with username: Andrey1 
30.12.2024, 20:33:00 - INFO - User login:  | {"_id":"676d8a199f52a738f18be8fe","username":"Andrey1","fullname":"Andrey Chetvergov","score":0} 
30.12.2024, 20:33:06 - INFO - Req was made | / 
30.12.2024, 20:33:23 - INFO - Req was made | / 
30.12.2024, 20:48:27 - INFO - Req was made | / 
30.12.2024, 20:48:36 - INFO - Req was made | / 
30.12.2024, 20:48:38 - INFO - Req was made | / 
30.12.2024, 20:49:16 - INFO - Req was made | / 
30.12.2024, 20:50:18 - INFO - Req was made | / 
30.12.2024, 20:50:56 - INFO - Req was made | / 
30.12.2024, 20:51:00 - INFO - Req was made | / 
30.12.2024, 20:51:11 - INFO - Req was made | / 
30.12.2024, 20:51:47 - INFO - Req was made | / 
30.12.2024, 20:57:29 - INFO - Server listening on port http://127.0.0.1:3030/ 
30.12.2024, 21:16:22 - INFO - Server listening on port http://127.0.0.1:3030/ 
